<?xml version="1.0" encoding="UTF-8"?>
<testsuite xmlns:xsi="http://www.w3.org/2001/XMLSchema-instance" xsi:noNamespaceSchemaLocation="https://maven.apache.org/surefire/maven-surefire-plugin/xsd/surefire-test-report-3.0.xsd" version="3.0" name="com.example.springboot.HelloControllerITest" time="4.49" tests="1" errors="0" skipped="0" failures="1">
  <properties>
[...]
</properties>
  <testcase name="getHello" classname="com.example.springboot.HelloControllerITest" time="1.17">
    <failure message="&#10;expected: &#10;  &quot;Greetings from Spring Boot!&quot;&#10; but was: &#10;  &quot; &lt;!DOCTYPE html&gt;&#10;       &lt;html lang=&quot;en&quot;&gt;&#10;       &lt;head&gt;&#10;           &lt;meta charset=&quot;UTF-8&quot;&gt;&#10;           &lt;meta name=&quot;viewport&quot; content=&quot;width=device-width, initial-scale=1.0&quot;&gt;&#10;           &lt;title&gt;Login Page&lt;/title&gt;&#10;           &lt;script src=&quot;https://cdn.jsdelivr.net/npm/@supabase/supabase-js@2&quot;&gt;&lt;/script&gt;&#10;  &#10;           &lt;style&gt;&#10;               body {&#10;                   font-family: Arial, sans-serif;&#10;                   background-color: #f0f2f5;&#10;                   display: flex;&#10;                   justify-content: center;&#10;                   align-items: center;&#10;                   height: 100vh;&#10;                   margin: 0;&#10;               }&#10;  &#10;               .login-container {&#10;                   background-color: white;&#10;                   padding: 2rem;&#10;                   border-radius: 8px;&#10;                   box-shadow: 0 4px 8px rgba(0,0,0,0.1);&#10;                   width: 300px;&#10;                   text-align: center;&#10;               }&#10;               h2 {&#10;                   margin-bottom: 1.5rem;&#10;                   color: #333;&#10;               }&#10;               .input-group {&#10;                   margin-bottom: 1rem;&#10;                   text-align: left;&#10;               }&#10;               label {&#10;                   display: block;&#10;                   margin-bottom: 0.5rem;&#10;                   color: #555;&#10;               }&#10;               input[type=&quot;text&quot;], input[type=&quot;password&quot;] {&#10;                   width: 100%;&#10;                   padding: 0.75rem;&#10;                   border: 1px solid #ddd;&#10;                   border-radius: 4px;&#10;                   box-sizing: border-box;&#10;               }&#10;               button {&#10;                   width: 100%;&#10;                   padding: 0.75rem;&#10;                   border: none;&#10;                   border-radius: 4px;&#10;                   background-color: #007bff;&#10;                   color: white;&#10;                   font-size: 1rem;&#10;                   cursor: pointer;&#10;                   transition: background-color 0.2s;&#10;               }&#10;               button:hover {&#10;                   background-color: #0056b3;&#10;               }&#10;               #message {&#10;                   margin-top: 1rem;&#10;                   font-weight: bold;&#10;               }&#10;               .success {&#10;                   color: green;&#10;               }&#10;               .error {&#10;                   color: red;&#10;               }&#10;           &lt;/style&gt;&#10;  &#10;       &lt;/head&gt;&#10;       &lt;body&gt;&#10;  &#10;          &lt;div class=&quot;login-container&quot;&gt;&#10;  &#10;               &lt;!-- id for login-wrapper --&gt;&#10;               &lt;div id=&quot;login-wrapper&quot;&gt;&#10;                   &lt;h2&gt;Login&lt;/h2&gt;&#10;                   &lt;form onsubmit=&quot;handleLogin(); return false;&quot;&gt;&#10;                       &lt;div class=&quot;input-group&quot;&gt;&#10;                           &lt;label for=&quot;login-username&quot;&gt;Email&lt;/label&gt;&#10;                           &lt;input type=&quot;text&quot; id=&quot;login-username&quot; required&gt;&#10;                       &lt;/div&gt;&#10;                       &lt;div class=&quot;input-group&quot;&gt;&#10;                           &lt;label for=&quot;login-password&quot;&gt;Password&lt;/label&gt;&#10;                           &lt;input type=&quot;password&quot; id=&quot;login-password&quot; required&gt;&#10;                       &lt;/div&gt;&#10;                       &lt;button type=&quot;submit&quot;&gt;Log In&lt;/button&gt;&#10;                   &lt;/form&gt;&#10;  &#10;                   &lt;div class=&quot;toggle-link&quot; onclick=&quot;toggleForms()&quot;&gt;&#10;                       Don&apos;t have an account? Sign Up&#10;                   &lt;/div&gt;&#10;               &lt;/div&gt;&#10;  &#10;               &lt;!--sign up id --&gt;&#10;               &lt;div id=&quot;signup-wrapper&quot; style=&quot;display: none;&quot;&gt;&#10;                   &lt;h2&gt;Sign Up&lt;/h2&gt;&#10;                   &lt;form onsubmit=&quot;handleSignup(); return false;&quot;&gt;&#10;                       &lt;div class=&quot;input-group&quot;&gt;&#10;                           &lt;label for=&quot;signup-email&quot;&gt;Email&lt;/label&gt;&#10;                           &lt;input type=&quot;text&quot; id=&quot;signup-email&quot; required&gt;&#10;                       &lt;/div&gt;&#10;                       &lt;div class=&quot;input-group&quot;&gt;&#10;                           &lt;label for=&quot;signup-password&quot;&gt;Password&lt;/label&gt;&#10;                           &lt;input type=&quot;password&quot; id=&quot;signup-password&quot; required&gt;&#10;                       &lt;/div&gt;&#10;  &#10;                       &lt;button type=&quot;submit&quot;&gt;Create Account&lt;/button&gt;&#10;                   &lt;/form&gt;&#10;  &#10;                   &lt;div class=&quot;toggle-link&quot; onclick=&quot;toggleForms()&quot;&gt;&#10;                       Back to Login&#10;                   &lt;/div&gt;&#10;               &lt;/div&gt;&#10;  &#10;               &lt;div id=&quot;message&quot;&gt;&lt;/div&gt;&#10;  &#10;           &lt;/div&gt;&#10;  &#10;          &lt;script&gt;&#10;       // supabase url and apikey&#10;       const supabaseUrl = &apos;https://obqqtvzkiwaeyasskayd.supabase.co&apos;;&#10;       const supabaseKey = &apos;eyJhbGciOiJIUzI1NiIsInR5cCI6IkpXVCJ9.eyJpc3MiOiJzdXBhYmFzZSIsInJlZiI6Im9icXF0dnpraXdhZXlhc3NrYXlkIiwicm9sZSI6ImFub24iLCJpYXQiOjE3NjQ2OTE4MjQsImV4cCI6MjA4MDI2NzgyNH0.3Wjwvpn6gZSjYdC0-ixtMk-uu7pa5vBMlqp0r6oL40g&apos;;&#10;  &#10;       try {&#10;           supabase = window.supabase.createClient(supabaseUrl, supabaseKey);&#10;       } catch (e) {&#10;           document.getElementById(&quot;message&quot;).innerText = &quot;System Error: Supabase not loaded&quot;;&#10;       }&#10;  &#10;       // switch from login to signup&#10;       function toggleForms() {&#10;           const loginWrap = document.getElementById(&apos;login-wrapper&apos;);&#10;           const signupWrap = document.getElementById(&apos;signup-wrapper&apos;);&#10;           const msg = document.getElementById(&apos;message&apos;);&#10;  &#10;           if (loginWrap.style.display === &apos;none&apos;) {&#10;               // login&#10;               loginWrap.style.display = &apos;block&apos;;&#10;               signupWrap.style.display = &apos;none&apos;;&#10;           } else {&#10;               // signup&#10;               loginWrap.style.display = &apos;none&apos;;&#10;               signupWrap.style.display = &apos;block&apos;;&#10;           }&#10;           // clear&#10;           msg.textContent = &apos;&apos;;&#10;           msg.className = &apos;&apos;;&#10;       }&#10;  &#10;       // login handler&#10;       async function handleLogin() {&#10;           const user = document.getElementById(&quot;login-username&quot;).value;&#10;           const pass = document.getElementById(&quot;login-password&quot;).value;&#10;           const messageElement = document.getElementById(&quot;message&quot;);&#10;  &#10;           // not needed (doesnt save)&#10;           if (user === &quot;admin&quot; &amp;&amp; pass === &quot;password123&quot;) {&#10;               messageElement.textContent = &quot;Welcome, &quot; + user;&#10;               messageElement.className = &quot;success&quot;;&#10;               setTimeout(() =&gt; window.location.href = &quot;/dashboard.html&quot;, 1000);&#10;               return;&#10;           }&#10;  &#10;           messageElement.textContent = &quot;Verifying...&quot;;&#10;           messageElement.className = &quot;&quot;;&#10;  &#10;           // check supabase&#10;           const { data, error } = await supabase.auth.signInWithPassword({&#10;               email: user,&#10;               password: pass&#10;           });&#10;  &#10;           if (error) {&#10;               messageElement.textContent = &quot;Incorrect username or password&quot;;&#10;               messageElement.className = &quot;error&quot;;&#10;           } else {&#10;               localStorage.setItem(&apos;user_email&apos;, user);&#10;  &#10;               messageElement.textContent = &quot;Login Successful&quot;;&#10;               messageElement.className = &quot;success&quot;;&#10;               setTimeout(() =&gt; window.location.href = &quot;/dashboard.html&quot;, 1000);&#10;           }&#10;       }&#10;  &#10;       // signup handler&#10;       async function handleSignup() {&#10;           const email = document.getElementById(&quot;signup-email&quot;).value;&#10;           const pass = document.getElementById(&quot;signup-password&quot;).value;&#10;           const messageElement = document.getElementById(&quot;message&quot;);&#10;  &#10;           messageElement.textContent = &quot;Creating account...&quot;;&#10;           messageElement.className = &quot;&quot;;&#10;  &#10;           // save credentials using supabase&#10;           const { data, error } = await supabase.auth.signUp({&#10;               email: email,&#10;               password: pass,&#10;               options: {&#10;                   data: {&#10;                       //username: username // NOT NEEDED&#10;                   }&#10;               }&#10;           });&#10;  &#10;           if (error) {&#10;               messageElement.textContent = &apos;Error: &apos; + error.message;&#10;               messageElement.className = &quot;error&quot;;&#10;           } else {&#10;               // Check if email confirmation is required&#10;               if (data.session == null &amp;&amp; data.user) {&#10;                   messageElement.textContent = &apos;Success! Please check your email to confirm account&apos;;&#10;                   messageElement.className = &quot;success&quot;;&#10;               } else {&#10;                   messageElement.textContent = &apos;Account created successfully&apos;;&#10;                   messageElement.className = &quot;success&quot;;&#10;               }&#10;           }&#10;       }&#10;  &#10;  &#10;  &#10;   &lt;/script&gt;&#10;  &#10;       &lt;/body&gt;&#10;       &lt;/html&gt;&#10;  &quot;" type="org.opentest4j.AssertionFailedError"><![CDATA[org.opentest4j.AssertionFailedError: 

expected: 
  "Greetings from Spring Boot!"
 but was: 
  " <!DOCTYPE html>
       <html lang="en">
       <head>
           <meta charset="UTF-8">
           <meta name="viewport" content="width=device-width, initial-scale=1.0">
           <title>Login Page</title>
           <script src="https://cdn.jsdelivr.net/npm/@supabase/supabase-js@2"></script>
  
           <style>
               body {
                   font-family: Arial, sans-serif;
                   background-color: #f0f2f5;
                   display: flex;
                   justify-content: center;
                   align-items: center;
                   height: 100vh;
                   margin: 0;
               }
  
               .login-container {
                   background-color: white;
                   padding: 2rem;
                   border-radius: 8px;
                   box-shadow: 0 4px 8px rgba(0,0,0,0.1);
                   width: 300px;
                   text-align: center;
               }
               h2 {
                   margin-bottom: 1.5rem;
                   color: #333;
               }
               .input-group {
                   margin-bottom: 1rem;
                   text-align: left;
               }
               label {
                   display: block;
                   margin-bottom: 0.5rem;
                   color: #555;
               }
               input[type="text"], input[type="password"] {
                   width: 100%;
                   padding: 0.75rem;
                   border: 1px solid #ddd;
                   border-radius: 4px;
                   box-sizing: border-box;
               }
               button {
                   width: 100%;
                   padding: 0.75rem;
                   border: none;
                   border-radius: 4px;
                   background-color: #007bff;
                   color: white;
                   font-size: 1rem;
                   cursor: pointer;
                   transition: background-color 0.2s;
               }
               button:hover {
                   background-color: #0056b3;
               }
               #message {
                   margin-top: 1rem;
                   font-weight: bold;
               }
               .success {
                   color: green;
               }
               .error {
                   color: red;
               }
           </style>
  
       </head>
       <body>
  
          <div class="login-container">
  
               <!-- id for login-wrapper -->
               <div id="login-wrapper">
                   <h2>Login</h2>
                   <form onsubmit="handleLogin(); return false;">
                       <div class="input-group">
                           <label for="login-username">Email</label>
                           <input type="text" id="login-username" required>
                       </div>
                       <div class="input-group">
                           <label for="login-password">Password</label>
                           <input type="password" id="login-password" required>
                       </div>
                       <button type="submit">Log In</button>
                   </form>
  
                   <div class="toggle-link" onclick="toggleForms()">
                       Don't have an account? Sign Up
                   </div>
               </div>
  
               <!--sign up id -->
               <div id="signup-wrapper" style="display: none;">
                   <h2>Sign Up</h2>
                   <form onsubmit="handleSignup(); return false;">
                       <div class="input-group">
                           <label for="signup-email">Email</label>
                           <input type="text" id="signup-email" required>
                       </div>
                       <div class="input-group">
                           <label for="signup-password">Password</label>
                           <input type="password" id="signup-password" required>
                       </div>
  
                       <button type="submit">Create Account</button>
                   </form>
  
                   <div class="toggle-link" onclick="toggleForms()">
                       Back to Login
                   </div>
               </div>
  
               <div id="message"></div>
  
           </div>
  
          <script>
       // supabase url and apikey
       const supabaseUrl = 'https://obqqtvzkiwaeyasskayd.supabase.co';
       const supabaseKey = 'eyJhbGciOiJIUzI1NiIsInR5cCI6IkpXVCJ9.eyJpc3MiOiJzdXBhYmFzZSIsInJlZiI6Im9icXF0dnpraXdhZXlhc3NrYXlkIiwicm9sZSI6ImFub24iLCJpYXQiOjE3NjQ2OTE4MjQsImV4cCI6MjA4MDI2NzgyNH0.3Wjwvpn6gZSjYdC0-ixtMk-uu7pa5vBMlqp0r6oL40g';
  
       try {
           supabase = window.supabase.createClient(supabaseUrl, supabaseKey);
       } catch (e) {
           document.getElementById("message").innerText = "System Error: Supabase not loaded";
       }
  
       // switch from login to signup
       function toggleForms() {
           const loginWrap = document.getElementById('login-wrapper');
           const signupWrap = document.getElementById('signup-wrapper');
           const msg = document.getElementById('message');
  
           if (loginWrap.style.display === 'none') {
               // login
               loginWrap.style.display = 'block';
               signupWrap.style.display = 'none';
           } else {
               // signup
               loginWrap.style.display = 'none';
               signupWrap.style.display = 'block';
           }
           // clear
           msg.textContent = '';
           msg.className = '';
       }
  
       // login handler
       async function handleLogin() {
           const user = document.getElementById("login-username").value;
           const pass = document.getElementById("login-password").value;
           const messageElement = document.getElementById("message");
  
           // not needed (doesnt save)
           if (user === "admin" && pass === "password123") {
               messageElement.textContent = "Welcome, " + user;
               messageElement.className = "success";
               setTimeout(() => window.location.href = "/dashboard.html", 1000);
               return;
           }
  
           messageElement.textContent = "Verifying...";
           messageElement.className = "";
  
           // check supabase
           const { data, error } = await supabase.auth.signInWithPassword({
               email: user,
               password: pass
           });
  
           if (error) {
               messageElement.textContent = "Incorrect username or password";
               messageElement.className = "error";
           } else {
               localStorage.setItem('user_email', user);
  
               messageElement.textContent = "Login Successful";
               messageElement.className = "success";
               setTimeout(() => window.location.href = "/dashboard.html", 1000);
           }
       }
  
       // signup handler
       async function handleSignup() {
           const email = document.getElementById("signup-email").value;
           const pass = document.getElementById("signup-password").value;
           const messageElement = document.getElementById("message");
  
           messageElement.textContent = "Creating account...";
           messageElement.className = "";
  
           // save credentials using supabase
           const { data, error } = await supabase.auth.signUp({
               email: email,
               password: pass,
               options: {
                   data: {
                       //username: username // NOT NEEDED
                   }
               }
           });
  
           if (error) {
               messageElement.textContent = 'Error: ' + error.message;
               messageElement.className = "error";
           } else {
               // Check if email confirmation is required
               if (data.session == null && data.user) {
                   messageElement.textContent = 'Success! Please check your email to confirm account';
                   messageElement.className = "success";
               } else {
                   messageElement.textContent = 'Account created successfully';
                   messageElement.className = "success";
               }
           }
       }
  
  
  
   </script>
  
       </body>
       </html>
  "
	at java.base/jdk.internal.reflect.NativeConstructorAccessorImpl.newInstance0(Native Method)
	at java.base/jdk.internal.reflect.NativeConstructorAccessorImpl.newInstance(NativeConstructorAccessorImpl.java:77)
	at java.base/jdk.internal.reflect.DelegatingConstructorAccessorImpl.newInstance(DelegatingConstructorAccessorImpl.java:45)
	at java.base/java.lang.reflect.Constructor.newInstanceWithCaller(Constructor.java:500)
	at com.example.springboot.HelloControllerITest.getHello(HelloControllerITest.java:21)
	at java.base/java.lang.reflect.Method.invoke(Method.java:569)
	at java.base/java.util.ArrayList.forEach(ArrayList.java:1511)
	at java.base/java.util.ArrayList.forEach(ArrayList.java:1511)
]]></failure>
    <system-out><![CDATA[18:26:23.026 [main] INFO org.springframework.test.context.support.AnnotationConfigContextLoaderUtils -- Could not detect default configuration classes for test class [com.example.springboot.HelloControllerITest]: HelloControllerITest does not declare any static, non-private, non-final, nested classes annotated with @Configuration.
18:26:23.161 [main] INFO org.springframework.boot.test.context.SpringBootTestContextBootstrapper -- Found @SpringBootConfiguration com.example.springboot.Application for test class com.example.springboot.HelloControllerITest
  .   ____          _            __ _ _
 /\\ / ___'_ __ _ _(_)_ __  __ _ \ \ \ \
( ( )\___ | '_ | '_| | '_ \/ _` | \ \ \ \
 \\/  ___)| |_)| | | | | || (_| |  ) ) ) )
  '  |____| .__|_| |_|_| |_\__, | / / / /
 =========|_|==============|___/=/_/_/_/

 :: Spring Boot ::                (v3.3.0)

2025-12-12T18:26:23.717Z  INFO 2035 --- [           main] c.e.springboot.HelloControllerITest      : Starting HelloControllerITest using Java 17.0.17 with PID 2035 (started by vscode in /workspaces/Time-Management/project-main/complete)
2025-12-12T18:26:23.719Z  INFO 2035 --- [           main] c.e.springboot.HelloControllerITest      : No active profile set, falling back to 1 default profile: "default"
2025-12-12T18:26:25.266Z  INFO 2035 --- [           main] o.s.b.w.embedded.tomcat.TomcatWebServer  : Tomcat initialized with port 0 (http)
2025-12-12T18:26:25.275Z  INFO 2035 --- [           main] o.apache.catalina.core.StandardService   : Starting service [Tomcat]
2025-12-12T18:26:25.275Z  INFO 2035 --- [           main] o.apache.catalina.core.StandardEngine    : Starting Servlet engine: [Apache Tomcat/10.1.24]
2025-12-12T18:26:25.332Z  INFO 2035 --- [           main] o.a.c.c.C.[Tomcat].[localhost].[/]       : Initializing Spring embedded WebApplicationContext
2025-12-12T18:26:25.334Z  INFO 2035 --- [           main] w.s.c.ServletWebServerApplicationContext : Root WebApplicationContext: initialization completed in 1582 ms
2025-12-12T18:26:25.906Z  INFO 2035 --- [           main] o.s.b.a.e.web.EndpointLinksResolver      : Exposing 1 endpoint beneath base path '/actuator'
2025-12-12T18:26:25.986Z  INFO 2035 --- [           main] o.s.b.w.embedded.tomcat.TomcatWebServer  : Tomcat started on port 35317 (http) with context path '/'
2025-12-12T18:26:26.005Z  INFO 2035 --- [           main] c.e.springboot.HelloControllerITest      : Started HelloControllerITest in 2.687 seconds (process running for 3.911)
Let's inspect the beans provided by Spring Boot:
application
applicationAvailability
applicationTaskExecutor
basicErrorController
beanNameHandlerMapping
beanNameViewResolver
characterEncodingFilter
classLoaderMetrics
commandLineRunner
controllerEndpointDiscoverer
controllerEndpointHandlerMapping
controllerExposeExcludePropertyEndpointFilter
conventionErrorViewResolver
defaultMeterObservationHandler
defaultServletHandlerMapping
defaultViewResolver
diskSpaceHealthIndicator
diskSpaceMetrics
dispatcherServlet
dispatcherServletRegistration
eagerTaskExecutorMetrics
endpointCachingOperationInvokerAdvisor
endpointMediaTypes
endpointObjectMapper
endpointObjectMapperWebMvcConfigurer
endpointOperationParameterMapper
error
errorAttributes
errorPageCustomizer
errorPageRegistrarBeanPostProcessor
fileDescriptorMetrics
fileWatcher
flashMapManager
forceAutoProxyCreatorToUseClassProxying
formContentFilter
handlerExceptionResolver
handlerFunctionAdapter
healthContributorRegistry
healthEndpoint
healthEndpointGroupMembershipValidator
healthEndpointGroups
healthEndpointGroupsBeanPostProcessor
healthEndpointWebExtension
healthEndpointWebMvcHandlerMapping
healthHttpCodeStatusMapper
healthStatusAggregator
helloController
httpMessageConvertersRestClientCustomizer
httpRequestHandlerAdapter
jacksonObjectMapper
jacksonObjectMapperBuilder
jsonComponentModule
jsonMixinModule
jsonMixinModuleEntries
jvmCompilationMetrics
jvmGcMetrics
jvmHeapPressureMetrics
jvmInfoMetrics
jvmMemoryMetrics
jvmThreadMetrics
lifecycleProcessor
localeCharsetMappingsCustomizer
localeResolver
logbackMetrics
management.endpoint.health-org.springframework.boot.actuate.autoconfigure.health.HealthEndpointProperties
management.endpoints.web-org.springframework.boot.actuate.autoconfigure.endpoint.web.WebEndpointProperties
management.endpoints.web.cors-org.springframework.boot.actuate.autoconfigure.endpoint.web.CorsEndpointProperties
management.health.diskspace-org.springframework.boot.actuate.autoconfigure.system.DiskSpaceHealthIndicatorProperties
management.info-org.springframework.boot.actuate.autoconfigure.info.InfoContributorProperties
management.metrics-org.springframework.boot.actuate.autoconfigure.metrics.MetricsProperties
management.observations-org.springframework.boot.actuate.autoconfigure.observation.ObservationProperties
management.server-org.springframework.boot.actuate.autoconfigure.web.server.ManagementServerProperties
management.simple.metrics.export-org.springframework.boot.actuate.autoconfigure.metrics.export.simple.SimpleProperties
managementServletContext
mappingJackson2HttpMessageConverter
messageConverters
meterRegistryCloser
meterRegistryPostProcessor
metricsHttpClientUriTagFilter
metricsHttpServerUriTagFilter
metricsObservationHandlerGrouping
micrometerClock
multipartConfigElement
multipartResolver
mvcContentNegotiationManager
mvcConversionService
mvcHandlerMappingIntrospector
mvcPathMatcher
mvcPatternParser
mvcResourceUrlProvider
mvcUriComponentsContributor
mvcUrlPathHelper
mvcValidator
mvcViewResolver
observabilitySchedulingConfigurer
observationRegistry
observationRegistryPostProcessor
observationRestClientCustomizer
observationRestTemplateCustomizer
org.springframework.aop.config.internalAutoProxyCreator
org.springframework.boot.actuate.autoconfigure.availability.AvailabilityHealthContributorAutoConfiguration
org.springframework.boot.actuate.autoconfigure.endpoint.EndpointAutoConfiguration
org.springframework.boot.actuate.autoconfigure.endpoint.jackson.JacksonEndpointAutoConfiguration
org.springframework.boot.actuate.autoconfigure.endpoint.web.ServletEndpointManagementContextConfiguration
org.springframework.boot.actuate.autoconfigure.endpoint.web.ServletEndpointManagementContextConfiguration$WebMvcServletEndpointManagementContextConfiguration
org.springframework.boot.actuate.autoconfigure.endpoint.web.WebEndpointAutoConfiguration
org.springframework.boot.actuate.autoconfigure.endpoint.web.WebEndpointAutoConfiguration$WebEndpointServletConfiguration
org.springframework.boot.actuate.autoconfigure.endpoint.web.servlet.WebMvcEndpointManagementContextConfiguration
org.springframework.boot.actuate.autoconfigure.health.HealthContributorAutoConfiguration
org.springframework.boot.actuate.autoconfigure.health.HealthEndpointAutoConfiguration
org.springframework.boot.actuate.autoconfigure.health.HealthEndpointConfiguration
org.springframework.boot.actuate.autoconfigure.health.HealthEndpointWebExtensionConfiguration
org.springframework.boot.actuate.autoconfigure.health.HealthEndpointWebExtensionConfiguration$MvcAdditionalHealthEndpointPathsConfiguration
org.springframework.boot.actuate.autoconfigure.info.InfoContributorAutoConfiguration
org.springframework.boot.actuate.autoconfigure.metrics.CompositeMeterRegistryAutoConfiguration
org.springframework.boot.actuate.autoconfigure.metrics.JvmMetricsAutoConfiguration
org.springframework.boot.actuate.autoconfigure.metrics.LogbackMetricsAutoConfiguration
org.springframework.boot.actuate.autoconfigure.metrics.MetricsAutoConfiguration
org.springframework.boot.actuate.autoconfigure.metrics.SystemMetricsAutoConfiguration
org.springframework.boot.actuate.autoconfigure.metrics.export.simple.SimpleMetricsExportAutoConfiguration
org.springframework.boot.actuate.autoconfigure.metrics.integration.IntegrationMetricsAutoConfiguration
org.springframework.boot.actuate.autoconfigure.metrics.startup.StartupTimeMetricsListenerAutoConfiguration
org.springframework.boot.actuate.autoconfigure.metrics.task.TaskExecutorMetricsAutoConfiguration
org.springframework.boot.actuate.autoconfigure.metrics.web.tomcat.TomcatMetricsAutoConfiguration
org.springframework.boot.actuate.autoconfigure.observation.ObservationAutoConfiguration
org.springframework.boot.actuate.autoconfigure.observation.ObservationAutoConfiguration$MeterObservationHandlerConfiguration
org.springframework.boot.actuate.autoconfigure.observation.ObservationAutoConfiguration$MeterObservationHandlerConfiguration$OnlyMetricsMeterObservationHandlerConfiguration
org.springframework.boot.actuate.autoconfigure.observation.ObservationAutoConfiguration$OnlyMetricsConfiguration
org.springframework.boot.actuate.autoconfigure.observation.web.client.HttpClientObservationsAutoConfiguration
org.springframework.boot.actuate.autoconfigure.observation.web.client.HttpClientObservationsAutoConfiguration$MeterFilterConfiguration
org.springframework.boot.actuate.autoconfigure.observation.web.client.RestClientObservationConfiguration
org.springframework.boot.actuate.autoconfigure.observation.web.client.RestTemplateObservationConfiguration
org.springframework.boot.actuate.autoconfigure.observation.web.servlet.WebMvcObservationAutoConfiguration
org.springframework.boot.actuate.autoconfigure.observation.web.servlet.WebMvcObservationAutoConfiguration$MeterFilterConfiguration
org.springframework.boot.actuate.autoconfigure.scheduling.ScheduledTasksObservabilityAutoConfiguration
org.springframework.boot.actuate.autoconfigure.system.DiskSpaceHealthContributorAutoConfiguration
org.springframework.boot.actuate.autoconfigure.web.server.ManagementContextAutoConfiguration
org.springframework.boot.actuate.autoconfigure.web.server.ManagementContextAutoConfiguration$SameManagementContextConfiguration
org.springframework.boot.actuate.autoconfigure.web.server.ManagementContextAutoConfiguration$SameManagementContextConfiguration$EnableSameManagementContextConfiguration
org.springframework.boot.actuate.autoconfigure.web.servlet.ServletManagementContextAutoConfiguration
org.springframework.boot.autoconfigure.AutoConfigurationPackages
org.springframework.boot.autoconfigure.aop.AopAutoConfiguration
org.springframework.boot.autoconfigure.aop.AopAutoConfiguration$ClassProxyingConfiguration
org.springframework.boot.autoconfigure.availability.ApplicationAvailabilityAutoConfiguration
org.springframework.boot.autoconfigure.context.ConfigurationPropertiesAutoConfiguration
org.springframework.boot.autoconfigure.context.LifecycleAutoConfiguration
org.springframework.boot.autoconfigure.context.PropertyPlaceholderAutoConfiguration
org.springframework.boot.autoconfigure.http.HttpMessageConvertersAutoConfiguration
org.springframework.boot.autoconfigure.http.HttpMessageConvertersAutoConfiguration$StringHttpMessageConverterConfiguration
org.springframework.boot.autoconfigure.http.JacksonHttpMessageConvertersConfiguration
org.springframework.boot.autoconfigure.http.JacksonHttpMessageConvertersConfiguration$MappingJackson2HttpMessageConverterConfiguration
org.springframework.boot.autoconfigure.info.ProjectInfoAutoConfiguration
org.springframework.boot.autoconfigure.internalCachingMetadataReaderFactory
org.springframework.boot.autoconfigure.jackson.JacksonAutoConfiguration
org.springframework.boot.autoconfigure.jackson.JacksonAutoConfiguration$Jackson2ObjectMapperBuilderCustomizerConfiguration
org.springframework.boot.autoconfigure.jackson.JacksonAutoConfiguration$JacksonMixinConfiguration
org.springframework.boot.autoconfigure.jackson.JacksonAutoConfiguration$JacksonObjectMapperBuilderConfiguration
org.springframework.boot.autoconfigure.jackson.JacksonAutoConfiguration$JacksonObjectMapperConfiguration
org.springframework.boot.autoconfigure.jackson.JacksonAutoConfiguration$ParameterNamesModuleConfiguration
org.springframework.boot.autoconfigure.sql.init.SqlInitializationAutoConfiguration
org.springframework.boot.autoconfigure.ssl.SslAutoConfiguration
org.springframework.boot.autoconfigure.task.TaskExecutionAutoConfiguration
org.springframework.boot.autoconfigure.task.TaskExecutorConfigurations$SimpleAsyncTaskExecutorBuilderConfiguration
org.springframework.boot.autoconfigure.task.TaskExecutorConfigurations$TaskExecutorBuilderConfiguration
org.springframework.boot.autoconfigure.task.TaskExecutorConfigurations$TaskExecutorConfiguration
org.springframework.boot.autoconfigure.task.TaskExecutorConfigurations$ThreadPoolTaskExecutorBuilderConfiguration
org.springframework.boot.autoconfigure.task.TaskSchedulingAutoConfiguration
org.springframework.boot.autoconfigure.task.TaskSchedulingConfigurations$SimpleAsyncTaskSchedulerBuilderConfiguration
org.springframework.boot.autoconfigure.task.TaskSchedulingConfigurations$TaskSchedulerBuilderConfiguration
org.springframework.boot.autoconfigure.task.TaskSchedulingConfigurations$ThreadPoolTaskSchedulerBuilderConfiguration
org.springframework.boot.autoconfigure.web.client.RestClientAutoConfiguration
org.springframework.boot.autoconfigure.web.client.RestTemplateAutoConfiguration
org.springframework.boot.autoconfigure.web.embedded.EmbeddedWebServerFactoryCustomizerAutoConfiguration
org.springframework.boot.autoconfigure.web.embedded.EmbeddedWebServerFactoryCustomizerAutoConfiguration$TomcatWebServerFactoryCustomizerConfiguration
org.springframework.boot.autoconfigure.web.servlet.DispatcherServletAutoConfiguration
org.springframework.boot.autoconfigure.web.servlet.DispatcherServletAutoConfiguration$DispatcherServletConfiguration
org.springframework.boot.autoconfigure.web.servlet.DispatcherServletAutoConfiguration$DispatcherServletRegistrationConfiguration
org.springframework.boot.autoconfigure.web.servlet.HttpEncodingAutoConfiguration
org.springframework.boot.autoconfigure.web.servlet.MultipartAutoConfiguration
org.springframework.boot.autoconfigure.web.servlet.ServletWebServerFactoryAutoConfiguration
org.springframework.boot.autoconfigure.web.servlet.ServletWebServerFactoryConfiguration$EmbeddedTomcat
org.springframework.boot.autoconfigure.web.servlet.WebMvcAutoConfiguration
org.springframework.boot.autoconfigure.web.servlet.WebMvcAutoConfiguration$EnableWebMvcConfiguration
org.springframework.boot.autoconfigure.web.servlet.WebMvcAutoConfiguration$WebMvcAutoConfigurationAdapter
org.springframework.boot.autoconfigure.web.servlet.error.ErrorMvcAutoConfiguration
org.springframework.boot.autoconfigure.web.servlet.error.ErrorMvcAutoConfiguration$DefaultErrorViewResolverConfiguration
org.springframework.boot.autoconfigure.web.servlet.error.ErrorMvcAutoConfiguration$WhitelabelErrorViewConfiguration
org.springframework.boot.autoconfigure.websocket.servlet.WebSocketServletAutoConfiguration
org.springframework.boot.autoconfigure.websocket.servlet.WebSocketServletAutoConfiguration$TomcatWebSocketConfiguration
org.springframework.boot.context.internalConfigurationPropertiesBinder
org.springframework.boot.context.properties.BoundConfigurationProperties
org.springframework.boot.context.properties.ConfigurationPropertiesBindingPostProcessor
org.springframework.boot.context.properties.EnableConfigurationPropertiesRegistrar.methodValidationExcludeFilter
org.springframework.boot.sql.init.dependency.DatabaseInitializationDependencyConfigurer$DependsOnDatabaseInitializationPostProcessor
org.springframework.boot.test.mock.mockito.MockitoPostProcessor
org.springframework.boot.test.mock.mockito.MockitoPostProcessor$SpyPostProcessor
org.springframework.boot.test.web.client.TestRestTemplate
org.springframework.boot.test.web.client.TestRestTemplateContextCustomizer$TestRestTemplateRegistrar
org.springframework.context.annotation.internalAutowiredAnnotationProcessor
org.springframework.context.annotation.internalCommonAnnotationProcessor
org.springframework.context.annotation.internalConfigurationAnnotationProcessor
org.springframework.context.event.internalEventListenerFactory
org.springframework.context.event.internalEventListenerProcessor
parameterNamesModule
pathMappedEndpoints
pingHealthContributor
preserveErrorControllerTargetClassPostProcessor
processorMetrics
propertiesMeterFilter
propertiesObservationFilter
propertySourcesPlaceholderConfigurer
requestContextFilter
requestMappingHandlerAdapter
requestMappingHandlerMapping
resourceHandlerMapping
restClientBuilder
restClientBuilderConfigurer
restClientSsl
restTemplateBuilder
restTemplateBuilderConfigurer
routerFunctionMapping
server-org.springframework.boot.autoconfigure.web.ServerProperties
servletEndpointDiscoverer
servletEndpointRegistrar
servletExposeExcludePropertyEndpointFilter
servletWebChildContextFactory
servletWebServerFactoryCustomizer
simpleAsyncTaskExecutorBuilder
simpleAsyncTaskSchedulerBuilder
simpleConfig
simpleControllerHandlerAdapter
simpleMeterRegistry
spring.info-org.springframework.boot.autoconfigure.info.ProjectInfoProperties
spring.jackson-org.springframework.boot.autoconfigure.jackson.JacksonProperties
spring.lifecycle-org.springframework.boot.autoconfigure.context.LifecycleProperties
spring.mvc-org.springframework.boot.autoconfigure.web.servlet.WebMvcProperties
spring.servlet.multipart-org.springframework.boot.autoconfigure.web.servlet.MultipartProperties
spring.sql.init-org.springframework.boot.autoconfigure.sql.init.SqlInitializationProperties
spring.ssl-org.springframework.boot.autoconfigure.ssl.SslProperties
spring.task.execution-org.springframework.boot.autoconfigure.task.TaskExecutionProperties
spring.task.scheduling-org.springframework.boot.autoconfigure.task.TaskSchedulingProperties
spring.web-org.springframework.boot.autoconfigure.web.WebProperties
sslBundleRegistry
sslPropertiesSslBundleRegistrar
standardJacksonObjectMapperBuilderCustomizer
startupTimeMetrics
stringHttpMessageConverter
taskExecutorBuilder
taskSchedulerBuilder
themeResolver
threadPoolTaskExecutorBuilder
threadPoolTaskSchedulerBuilder
tomcatMetricsBinder
tomcatServletWebServerFactory
tomcatServletWebServerFactoryCustomizer
tomcatWebServerFactoryCustomizer
uptimeMetrics
viewControllerHandlerMapping
viewNameTranslator
viewResolver
webEndpointDiscoverer
webEndpointPathMapper
webEndpointServletHandlerMapping
webExposeExcludePropertyEndpointFilter
webMvcObservationFilter
webServerFactoryCustomizerBeanPostProcessor
websocketServletWebServerCustomizer
welcomePageHandlerMapping
welcomePageNotAcceptableHandlerMapping
2025-12-12T18:26:27.195Z  INFO 2035 --- [o-auto-1-exec-1] o.a.c.c.C.[Tomcat].[localhost].[/]       : Initializing Spring DispatcherServlet 'dispatcherServlet'
2025-12-12T18:26:27.195Z  INFO 2035 --- [o-auto-1-exec-1] o.s.web.servlet.DispatcherServlet        : Initializing Servlet 'dispatcherServlet'
2025-12-12T18:26:27.196Z  INFO 2035 --- [o-auto-1-exec-1] o.s.web.servlet.DispatcherServlet        : Completed initialization in 1 ms
]]></system-out>
  </testcase>
</testsuite>